[18:22:51] [main/INFO]: Loaded 0 recipes
[18:22:52] [Server thread/INFO]: Starting minecraft server version 1.13.2
[18:22:52] [Server thread/INFO]: Loading properties
[18:22:52] [Server thread/INFO]: Default game type: SURVIVAL
[18:22:52] [Server thread/INFO]: Generating keypair
[18:22:53] [Server thread/INFO]: Starting Minecraft server on *:25565
[18:22:53] [Server thread/INFO]: Using epoll channel type
[18:22:54] [Server thread/INFO]: This server is running CraftBukkit version git-Bukkit-ad6070d (MC: 1.13.2) (Implementing API version 1.13.2-R0.1-SNAPSHOT)
[18:23:06] [Server thread/INFO]: [SilkSpawners] Loading SilkSpawners v5.0.2
[18:23:06] [Server thread/INFO]: Preparing level "world"
[18:23:06] [Server thread/INFO]: Reloading ResourceManager: Default, bukkit
[18:23:09] [Server thread/INFO]: Loaded 524 recipes
[18:23:12] [Server thread/INFO]: Preparing start region for level minecraft:overworld (Seed: -6375358483191994977)
[18:23:12] [Server thread/INFO]: Preparing spawn area: 4%
[18:23:13] [Server thread/INFO]: Preparing spawn area: 8%
[18:23:13] [Server thread/INFO]: Preparing spawn area: 12%
[18:23:13] [Server thread/INFO]: Preparing spawn area: 16%
[18:23:14] [Server thread/INFO]: Preparing spawn area: 20%
[18:23:14] [Server thread/INFO]: Preparing spawn area: 24%
[18:23:14] [Server thread/INFO]: Preparing spawn area: 28%
[18:23:14] [Server thread/INFO]: Preparing spawn area: 32%
[18:23:14] [Server thread/INFO]: Preparing spawn area: 36%
[18:23:14] [Server thread/INFO]: Preparing spawn area: 40%
[18:23:15] [Server thread/INFO]: Preparing spawn area: 44%
[18:23:15] [Server thread/INFO]: Preparing spawn area: 48%
[18:23:15] [Server thread/INFO]: Preparing spawn area: 52%
[18:23:15] [Server thread/INFO]: Preparing spawn area: 56%
[18:23:15] [Server thread/INFO]: Preparing spawn area: 60%
[18:23:15] [Server thread/INFO]: Preparing spawn area: 64%
[18:23:15] [Server thread/INFO]: Preparing spawn area: 68%
[18:23:15] [Server thread/INFO]: Preparing spawn area: 72%
[18:23:16] [Server thread/INFO]: Preparing spawn area: 76%
[18:23:16] [Server thread/INFO]: Preparing spawn area: 80%
[18:23:16] [Server thread/INFO]: Preparing spawn area: 84%
[18:23:16] [Server thread/INFO]: Preparing spawn area: 88%
[18:23:17] [Server thread/INFO]: Preparing spawn area: 92%
[18:23:17] [Server thread/INFO]: Preparing spawn area: 96%
[18:23:17] [Server thread/INFO]: Preparing spawn area: 100%
[18:23:17] [Server thread/INFO]: Preparing start region for level minecraft:the_nether (Seed: -6375358483191994977)
[18:23:17] [Server thread/INFO]: Preparing spawn area: 4%
[18:23:17] [Server thread/INFO]: Preparing spawn area: 8%
[18:23:17] [Server thread/INFO]: Preparing spawn area: 12%
[18:23:18] [Server thread/INFO]: Preparing spawn area: 16%
[18:23:18] [Server thread/INFO]: Preparing spawn area: 20%
[18:23:18] [Server thread/INFO]: Preparing spawn area: 24%
[18:23:18] [Server thread/INFO]: Preparing spawn area: 28%
[18:23:18] [Server thread/INFO]: Preparing spawn area: 32%
[18:23:18] [Server thread/INFO]: Preparing spawn area: 36%
[18:23:18] [Server thread/INFO]: Preparing spawn area: 40%
[18:23:18] [Server thread/INFO]: Preparing spawn area: 44%
[18:23:19] [Server thread/INFO]: Preparing spawn area: 48%
[18:23:19] [Server thread/INFO]: Preparing spawn area: 52%
[18:23:19] [Server thread/INFO]: Preparing spawn area: 56%
[18:23:19] [Server thread/INFO]: Preparing spawn area: 60%
[18:23:19] [Server thread/INFO]: Preparing spawn area: 64%
[18:23:19] [Server thread/INFO]: Preparing spawn area: 68%
[18:23:19] [Server thread/INFO]: Preparing spawn area: 72%
[18:23:20] [Server thread/INFO]: Preparing spawn area: 76%
[18:23:20] [Server thread/INFO]: Preparing spawn area: 80%
[18:23:20] [Server thread/INFO]: Preparing spawn area: 84%
[18:23:20] [Server thread/INFO]: Preparing spawn area: 88%
[18:23:21] [Server thread/INFO]: Preparing spawn area: 92%
[18:23:21] [Server thread/INFO]: Preparing spawn area: 96%
[18:23:21] [Server thread/INFO]: Preparing spawn area: 100%
[18:23:21] [Server thread/INFO]: Preparing start region for level minecraft:the_end (Seed: -6375358483191994977)
[18:23:21] [Server thread/INFO]: Preparing spawn area: 4%
[18:23:21] [Server thread/INFO]: Preparing spawn area: 8%
[18:23:21] [Server thread/INFO]: Preparing spawn area: 12%
[18:23:21] [Server thread/INFO]: Preparing spawn area: 16%
[18:23:21] [Server thread/INFO]: Preparing spawn area: 20%
[18:23:21] [Server thread/INFO]: Preparing spawn area: 24%
[18:23:21] [Server thread/INFO]: Preparing spawn area: 28%
[18:23:21] [Server thread/INFO]: Preparing spawn area: 32%
[18:23:21] [Server thread/INFO]: Preparing spawn area: 36%
[18:23:21] [Server thread/INFO]: Preparing spawn area: 40%
[18:23:21] [Server thread/INFO]: Preparing spawn area: 44%
[18:23:21] [Server thread/INFO]: Preparing spawn area: 48%
[18:23:21] [Server thread/INFO]: Preparing spawn area: 52%
[18:23:21] [Server thread/INFO]: Preparing spawn area: 56%
[18:23:21] [Server thread/INFO]: Preparing spawn area: 60%
[18:23:21] [Server thread/INFO]: Preparing spawn area: 64%
[18:23:21] [Server thread/INFO]: Preparing spawn area: 68%
[18:23:21] [Server thread/INFO]: Preparing spawn area: 72%
[18:23:21] [Server thread/INFO]: Preparing spawn area: 76%
[18:23:21] [Server thread/INFO]: Preparing spawn area: 80%
[18:23:21] [Server thread/INFO]: Preparing spawn area: 84%
[18:23:21] [Server thread/INFO]: Preparing spawn area: 88%
[18:23:21] [Server thread/INFO]: Preparing spawn area: 92%
[18:23:21] [Server thread/INFO]: Preparing spawn area: 96%
[18:23:21] [Server thread/INFO]: Preparing spawn area: 100%
[18:23:21] [Server thread/INFO]: Time elapsed: 9616 ms
[18:23:21] [Server thread/INFO]: [SilkSpawners] Enabling SilkSpawners v5.0.2
[18:23:22] [Server thread/INFO]: [SilkSpawners] This version of the plugin is NOT compatible with your Minecraft version!
[18:23:22] [Server thread/INFO]: [SilkSpawners] Please check your versions to make sure they match!
[18:23:22] [Server thread/INFO]: [SilkSpawners] Disabling now!
[18:23:22] [Server thread/INFO]: [SilkSpawners] Compatible versions are: [v1_5_R1, v1_5_R2, v1_5_R3, v1_6_R1, v1_6_R2, v1_6_R3, v1_7_R1, v1_7_R2, v1_7_R3, v1_7_R4, v1_8_R1, v1_8_R2, v1_8_R3, v1_9_R1, v1_9_R2, v1_10_R1, v1_11_R1, v1_12_R1]
[18:23:22] [Server thread/INFO]: [SilkSpawners] Your version is: v1_13_R2
[18:23:22] [Server thread/INFO]: [SilkSpawners] You can disable this check by setting testMCVersion to false in the config!
[18:23:22] [Server thread/INFO]: Server permissions file permissions.yml is empty, ignoring it
[18:23:22] [Server thread/INFO]: Done (15.975s)! For help, type "help"
[18:23:22] [Server thread/INFO]: Starting remote control listener
[18:23:22] [RCON Listener #1/INFO]: RCON running on 0.0.0.0:25575
[18:23:25] [Server thread/WARN]: Can't keep up! Is the server overloaded? Running 2908ms or 58 ticks behind
[18:23:47] [Server thread/WARN]: Can't keep up! Is the server overloaded? Running 2202ms or 44 ticks behind
